<?xml version="1.0" encoding="UTF-8"?>
<!-- Generated by org.testng.reporters.JUnitXMLReporter -->
<testsuite ignored="0" hostname="iSusieQ" failures="0" tests="1" name="Surefire test" time="0.028" errors="0" timestamp="2025-05-06T12:25:53 MST">
  <testcase classname="com.example.NegBrowserTest" name="@BeforeMethod setUp" time="-1.746559553149E9">
    <failure type="org.testng.TestNGException" message="
Parameter &amp;apos;browser&amp;apos; is required by BeforeMethod on method setUp but has not been marked @Optional or defined
">
      <![CDATA[org.testng.TestNGException: 
Parameter 'browser' is required by BeforeMethod on method setUp but has not been marked @Optional or defined

at java.base/java.util.ArrayList.forEach(ArrayList.java:1596)
... Removed 33 stack frames]]>
    </failure>
  </testcase> <!-- @BeforeMethod setUp -->
  <testcase classname="com.example.NegBrowserTest" name="@AfterMethod tearDown" time="0.0">
    <skipped/>
  </testcase> <!-- @AfterMethod tearDown -->
  <testcase classname="com.example.NegBrowserTest" name="testOpenMultipleTabs" time="0.0">
    <skipped/>
  </testcase> <!-- testOpenMultipleTabs -->
</testsuite> <!-- Surefire test -->
